# JRE version: OpenJDK Runtime Environment (11.0.12+7) (build 11.0.12+7-b1504.28-7817840)
# Java VM: OpenJDK 64-Bit Server VM (11.0.12+7-b1504.28-7817840, mixed mode, tiered, compressed oops, g1 gc, windows-amd64)
Heap:
 garbage-first heap   total 227328K, used 143736K [0x0000000080000000, 0x0000000100000000)
  region size 1024K, 32 young (32768K), 5 survivors (5120K)
 Metaspace       used 130703K, capacity 135123K, committed 135256K, reserved 1167360K
  class space    used 16345K, capacity 18005K, committed 18048K, reserved 1048576K
GC Heap History (20 events):
Event: 867.908 GC heap before
{Heap before GC invocations=161 (full 0):
 garbage-first heap   total 227328K, used 167717K [0x0000000080000000, 0x0000000100000000)
  region size 1024K, 50 young (51200K), 2 survivors (2048K)
 Metaspace       used 129695K, capacity 134006K, committed 134232K, reserved 1165312K
  class space    used 16272K, capacity 17932K, committed 18048K, reserved 1048576K
}
Event: 867.921 GC heap after
{Heap after GC invocations=162 (full 0):
 garbage-first heap   total 227328K, used 122509K [0x0000000080000000, 0x0000000100000000)
  region size 1024K, 5 young (5120K), 5 survivors (5120K)
 Metaspace       used 129695K, capacity 134006K, committed 134232K, reserved 1165312K
  class space    used 16272K, capacity 17932K, committed 18048K, reserved 1048576K
}
Event: 868.668 GC heap before
{Heap before GC invocations=163 (full 0):
 garbage-first heap   total 227328K, used 172685K [0x0000000080000000, 0x0000000100000000)
  region size 1024K, 55 young (56320K), 5 survivors (5120K)
 Metaspace       used 129786K, capacity 134203K, committed 134488K, reserved 1165312K
  class space    used 16273K, capacity 17932K, committed 18048K, reserved 1048576K
}
Event: 868.679 GC heap after
{Heap after GC invocations=164 (full 0):
 garbage-first heap   total 227328K, used 128172K [0x0000000080000000, 0x0000000100000000)
  region size 1024K, 7 young (7168K), 7 survivors (7168K)
 Metaspace       used 129786K, capacity 134203K, committed 134488K, reserved 1165312K
  class space    used 16273K, capacity 17932K, committed 18048K, reserved 1048576K
}
Event: 869.705 GC heap before
{Heap before GC invocations=164 (full 0):
 garbage-first heap   total 227328K, used 132268K [0x0000000080000000, 0x0000000100000000)
  region size 1024K, 11 young (11264K), 7 survivors (7168K)
 Metaspace       used 129792K, capacity 134204K, committed 134488K, reserved 1165312K
  class space    used 16273K, capacity 17932K, committed 18048K, reserved 1048576K
}
Event: 869.714 GC heap after
{Heap after GC invocations=165 (full 0):
 garbage-first heap   total 227328K, used 116681K [0x0000000080000000, 0x0000000100000000)
  region size 1024K, 2 young (2048K), 2 survivors (2048K)
 Metaspace       used 129792K, capacity 134204K, committed 134488K, reserved 1165312K
  class space    used 16273K, capacity 17932K, committed 18048K, reserved 1048576K
}
Event: 869.896 GC heap before
{Heap before GC invocations=165 (full 0):
 garbage-first heap   total 227328K, used 135113K [0x0000000080000000, 0x0000000100000000)
  region size 1024K, 22 young (22528K), 2 survivors (2048K)
 Metaspace       used 129823K, capacity 134271K, committed 134488K, reserved 1165312K
  class space    used 16273K, capacity 17932K, committed 18048K, reserved 1048576K
}
Event: 869.900 GC heap after
{Heap after GC invocations=166 (full 0):
 garbage-first heap   total 227328K, used 116301K [0x0000000080000000, 0x0000000100000000)
  region size 1024K, 1 young (1024K), 1 survivors (1024K)
 Metaspace       used 129823K, capacity 134271K, committed 134488K, reserved 1165312K
  class space    used 16273K, capacity 17932K, committed 18048K, reserved 1048576K
}
Event: 998.313 GC heap before
{Heap before GC invocations=167 (full 0):
 garbage-first heap   total 227328K, used 190029K [0x0000000080000000, 0x0000000100000000)
  region size 1024K, 61 young (62464K), 1 survivors (1024K)
 Metaspace       used 130079K, capacity 134402K, committed 134744K, reserved 1165312K
  class space    used 16291K, capacity 17932K, committed 18048K, reserved 1048576K
}
Event: 998.322 GC heap after
{Heap after GC invocations=168 (full 0):
 garbage-first heap   total 227328K, used 126122K [0x0000000080000000, 0x0000000100000000)
  region size 1024K, 8 young (8192K), 8 survivors (8192K)
 Metaspace       used 130079K, capacity 134402K, committed 134744K, reserved 1165312K
  class space    used 16291K, capacity 17932K, committed 18048K, reserved 1048576K
}
Event: 998.332 GC heap before
{Heap before GC invocations=168 (full 0):
 garbage-first heap   total 227328K, used 129194K [0x0000000080000000, 0x0000000100000000)
  region size 1024K, 11 young (11264K), 8 survivors (8192K)
 Metaspace       used 130079K, capacity 134402K, committed 134744K, reserved 1165312K
  class space    used 16291K, capacity 17932K, committed 18048K, reserved 1048576K
}
Event: 998.342 GC heap after
{Heap after GC invocations=169 (full 0):
 garbage-first heap   total 227328K, used 124752K [0x0000000080000000, 0x0000000100000000)
  region size 1024K, 2 young (2048K), 2 survivors (2048K)
 Metaspace       used 130079K, capacity 134402K, committed 134744K, reserved 1165312K
  class space    used 16291K, capacity 17932K, committed 18048K, reserved 1048576K
}
Event: 998.451 GC heap before
{Heap before GC invocations=169 (full 0):
 garbage-first heap   total 227328K, used 150352K [0x0000000080000000, 0x0000000100000000)
  region size 1024K, 29 young (29696K), 2 survivors (2048K)
 Metaspace       used 130144K, capacity 134466K, committed 134744K, reserved 1165312K
  class space    used 16291K, capacity 17932K, committed 18048K, reserved 1048576K
}
Event: 998.465 GC heap after
{Heap after GC invocations=170 (full 0):
 garbage-first heap   total 227328K, used 139433K [0x0000000080000000, 0x0000000100000000)
  region size 1024K, 7 young (7168K), 7 survivors (7168K)
 Metaspace       used 130144K, capacity 134466K, committed 134744K, reserved 1165312K
  class space    used 16291K, capacity 17932K, committed 18048K, reserved 1048576K
}
Event: 998.802 GC heap before
{Heap before GC invocations=171 (full 0):
 garbage-first heap   total 227328K, used 184489K [0x0000000080000000, 0x0000000100000000)
  region size 1024K, 39 young (39936K), 7 survivors (7168K)
 Metaspace       used 130276K, capacity 134613K, committed 134744K, reserved 1165312K
  class space    used 16293K, capacity 17935K, committed 18048K, reserved 1048576K
}
Event: 998.816 GC heap after
{Heap after GC invocations=172 (full 0):
 garbage-first heap   total 227328K, used 141859K [0x0000000080000000, 0x0000000100000000)
  region size 1024K, 5 young (5120K), 5 survivors (5120K)
 Metaspace       used 130276K, capacity 134613K, committed 134744K, reserved 1165312K
  class space    used 16293K, capacity 17935K, committed 18048K, reserved 1048576K
}
Event: 1001.768 GC heap before
{Heap before GC invocations=172 (full 0):
 garbage-first heap   total 227328K, used 148003K [0x0000000080000000, 0x0000000100000000)
  region size 1024K, 11 young (11264K), 5 survivors (5120K)
 Metaspace       used 130389K, capacity 134710K, committed 135000K, reserved 1167360K
  class space    used 16312K, capacity 17942K, committed 18048K, reserved 1048576K
}
Event: 1001.774 GC heap after
{Heap after GC invocations=173 (full 0):
 garbage-first heap   total 227328K, used 130348K [0x0000000080000000, 0x0000000100000000)
  region size 1024K, 1 young (1024K), 1 survivors (1024K)
 Metaspace       used 130389K, capacity 134710K, committed 135000K, reserved 1167360K
  class space    used 16312K, capacity 17942K, committed 18048K, reserved 1048576K
}
Event: 1007.587 GC heap before
{Heap before GC invocations=173 (full 0):
 garbage-first heap   total 227328K, used 168236K [0x0000000080000000, 0x0000000100000000)
  region size 1024K, 39 young (39936K), 1 survivors (1024K)
 Metaspace       used 130634K, capacity 135050K, committed 135256K, reserved 1167360K
  class space    used 16341K, capacity 18004K, committed 18048K, reserved 1048576K
}
Event: 1007.604 GC heap after
{Heap after GC invocations=174 (full 0):
 garbage-first heap   total 227328K, used 134520K [0x0000000080000000, 0x0000000100000000)
  region size 1024K, 5 young (5120K), 5 survivors (5120K)
 Metaspace       used 130634K, capacity 135050K, committed 135256K, reserved 1167360K
  class space    used 16341K, capacity 18004K, committed 18048K, reserved 1048576K
}

